<?xml version="1.0" encoding="UTF-8"?>
<testng-results skipped="0" failed="1" ignored="0" total="7" passed="6">
  <reporter-output>
  </reporter-output>
  <suite name="Default suite" duration-ms="13746" started-at="2019-06-16T19:38:42Z" finished-at="2019-06-16T19:38:55Z">
    <groups>
    </groups>
    <test name="Default test" duration-ms="13746" started-at="2019-06-16T19:38:42Z" finished-at="2019-06-16T19:38:55Z">
      <class name="com.cambridge.qa.testcases.AboutPageTest">
        <test-method status="PASS" signature="SetUp()[pri:0, instance:com.cambridge.qa.testcases.AboutPageTest@39c0f4a]" name="SetUp" is-config="true" duration-ms="9888" started-at="2019-06-16T19:38:42Z" finished-at="2019-06-16T19:38:52Z">
          <reporter-output>
          </reporter-output>
        </test-method> <!-- SetUp -->
        <test-method status="PASS" signature="clickAboutUsTest()[pri:1, instance:com.cambridge.qa.testcases.AboutPageTest@39c0f4a]" name="clickAboutUsTest" duration-ms="2208" started-at="2019-06-16T19:38:52Z" finished-at="2019-06-16T19:38:54Z">
          <reporter-output>
          </reporter-output>
        </test-method> <!-- clickAboutUsTest -->
        <test-method status="PASS" signature="validateAboutUsPageTitleTest()[pri:2, instance:com.cambridge.qa.testcases.AboutPageTest@39c0f4a]" name="validateAboutUsPageTitleTest" duration-ms="18" started-at="2019-06-16T19:38:54Z" finished-at="2019-06-16T19:38:54Z">
          <reporter-output>
          </reporter-output>
        </test-method> <!-- validateAboutUsPageTitleTest -->
        <test-method status="PASS" signature="validateCCLogoTest()[pri:3, instance:com.cambridge.qa.testcases.AboutPageTest@39c0f4a]" name="validateCCLogoTest" duration-ms="32" started-at="2019-06-16T19:38:54Z" finished-at="2019-06-16T19:38:54Z">
          <reporter-output>
          </reporter-output>
        </test-method> <!-- validateCCLogoTest -->
        <test-method status="PASS" signature="clickWhoWeAreTest()[pri:4, instance:com.cambridge.qa.testcases.AboutPageTest@39c0f4a]" name="clickWhoWeAreTest" duration-ms="68" started-at="2019-06-16T19:38:54Z" finished-at="2019-06-16T19:38:54Z">
          <reporter-output>
          </reporter-output>
        </test-method> <!-- clickWhoWeAreTest -->
        <test-method status="FAIL" signature="clickWhatWeDoTest()[pri:5, instance:com.cambridge.qa.testcases.AboutPageTest@39c0f4a]" name="clickWhatWeDoTest" duration-ms="575" started-at="2019-06-16T19:38:54Z" finished-at="2019-06-16T19:38:55Z">
          <exception class="org.openqa.selenium.WebDriverException">
            <message>
              <![CDATA[unknown error: Element <div class="fusion-toggle-heading">...</div> is not clickable at point (289, 700). Other element would receive the click: <p>...</p>
  (Session info: chrome=74.0.3729.169)
  (Driver info: chromedriver=2.43.600210 (68dcf5eebde37173d4027fa8635e332711d2874a),platform=Windows NT 10.0.17134 x86_64) (WARNING: The server did not provide any stacktrace information)
Command duration or timeout: 0 milliseconds
Build info: version: '3.141.59', revision: 'e82be7d358', time: '2018-11-14T08:17:03'
System info: host: 'DESKTOP-4NIBLR9', ip: '10.0.0.19', os.name: 'Windows 10', os.arch: 'amd64', os.version: '10.0', java.version: '1.8.0_192'
Driver info: org.openqa.selenium.chrome.ChromeDriver
Capabilities {acceptInsecureCerts: false, acceptSslCerts: false, applicationCacheEnabled: false, browserConnectionEnabled: false, browserName: chrome, chrome: {chromedriverVersion: 2.43.600210 (68dcf5eebde371..., userDataDir: C:\Users\dilbe\AppData\Loca...}, cssSelectorsEnabled: true, databaseEnabled: false, goog:chromeOptions: {debuggerAddress: localhost:53500}, handlesAlerts: true, hasTouchScreen: false, javascriptEnabled: true, locationContextEnabled: true, mobileEmulationEnabled: false, nativeEvents: true, networkConnectionEnabled: false, pageLoadStrategy: normal, platform: XP, platformName: XP, rotatable: false, setWindowRect: true, takesHeapSnapshot: true, takesScreenshot: true, unexpectedAlertBehaviour: , unhandledPromptBehavior: , version: 74.0.3729.169, webStorageEnabled: true}
Session ID: aa35fbe869633bf04e82ccb925d7e78d]]>
            </message>
            <full-stacktrace>
              <![CDATA[org.openqa.selenium.WebDriverException: unknown error: Element <div class="fusion-toggle-heading">...</div> is not clickable at point (289, 700). Other element would receive the click: <p>...</p>
  (Session info: chrome=74.0.3729.169)
  (Driver info: chromedriver=2.43.600210 (68dcf5eebde37173d4027fa8635e332711d2874a),platform=Windows NT 10.0.17134 x86_64) (WARNING: The server did not provide any stacktrace information)
Command duration or timeout: 0 milliseconds
Build info: version: '3.141.59', revision: 'e82be7d358', time: '2018-11-14T08:17:03'
System info: host: 'DESKTOP-4NIBLR9', ip: '10.0.0.19', os.name: 'Windows 10', os.arch: 'amd64', os.version: '10.0', java.version: '1.8.0_192'
Driver info: org.openqa.selenium.chrome.ChromeDriver
Capabilities {acceptInsecureCerts: false, acceptSslCerts: false, applicationCacheEnabled: false, browserConnectionEnabled: false, browserName: chrome, chrome: {chromedriverVersion: 2.43.600210 (68dcf5eebde371..., userDataDir: C:\Users\dilbe\AppData\Loca...}, cssSelectorsEnabled: true, databaseEnabled: false, goog:chromeOptions: {debuggerAddress: localhost:53500}, handlesAlerts: true, hasTouchScreen: false, javascriptEnabled: true, locationContextEnabled: true, mobileEmulationEnabled: false, nativeEvents: true, networkConnectionEnabled: false, pageLoadStrategy: normal, platform: XP, platformName: XP, rotatable: false, setWindowRect: true, takesHeapSnapshot: true, takesScreenshot: true, unexpectedAlertBehaviour: , unhandledPromptBehavior: , version: 74.0.3729.169, webStorageEnabled: true}
Session ID: aa35fbe869633bf04e82ccb925d7e78d
at sun.reflect.NativeConstructorAccessorImpl.newInstance0(Native Method)
at sun.reflect.NativeConstructorAccessorImpl.newInstance(Unknown Source)
at sun.reflect.DelegatingConstructorAccessorImpl.newInstance(Unknown Source)
at java.lang.reflect.Constructor.newInstance(Unknown Source)
at org.openqa.selenium.remote.ErrorHandler.createThrowable(ErrorHandler.java:214)
at org.openqa.selenium.remote.ErrorHandler.throwIfResponseFailed(ErrorHandler.java:166)
at org.openqa.selenium.remote.http.JsonHttpResponseCodec.reconstructValue(JsonHttpResponseCodec.java:40)
at org.openqa.selenium.remote.http.AbstractHttpResponseCodec.decode(AbstractHttpResponseCodec.java:80)
at org.openqa.selenium.remote.http.AbstractHttpResponseCodec.decode(AbstractHttpResponseCodec.java:44)
at org.openqa.selenium.remote.HttpCommandExecutor.execute(HttpCommandExecutor.java:158)
at org.openqa.selenium.remote.service.DriverCommandExecutor.execute(DriverCommandExecutor.java:83)
at org.openqa.selenium.remote.RemoteWebDriver.execute(RemoteWebDriver.java:552)
at org.openqa.selenium.remote.RemoteWebElement.execute(RemoteWebElement.java:285)
at org.openqa.selenium.remote.RemoteWebElement.click(RemoteWebElement.java:84)
at sun.reflect.NativeMethodAccessorImpl.invoke0(Native Method)
at sun.reflect.NativeMethodAccessorImpl.invoke(Unknown Source)
at sun.reflect.DelegatingMethodAccessorImpl.invoke(Unknown Source)
at java.lang.reflect.Method.invoke(Unknown Source)
at org.openqa.selenium.support.events.EventFiringWebDriver$EventFiringWebElement.lambda$new$0(EventFiringWebDriver.java:404)
at com.sun.proxy.$Proxy12.click(Unknown Source)
at org.openqa.selenium.support.events.EventFiringWebDriver$EventFiringWebElement.click(EventFiringWebDriver.java:417)
at sun.reflect.NativeMethodAccessorImpl.invoke0(Native Method)
at sun.reflect.NativeMethodAccessorImpl.invoke(Unknown Source)
at sun.reflect.DelegatingMethodAccessorImpl.invoke(Unknown Source)
at java.lang.reflect.Method.invoke(Unknown Source)
at org.openqa.selenium.support.pagefactory.internal.LocatingElementHandler.invoke(LocatingElementHandler.java:51)
at com.sun.proxy.$Proxy11.click(Unknown Source)
at com.cambridge.qa.pages.AboutPage.clickWhatWeDo(AboutPage.java:63)
at com.cambridge.qa.testcases.AboutPageTest.clickWhatWeDoTest(AboutPageTest.java:57)
at sun.reflect.NativeMethodAccessorImpl.invoke0(Native Method)
at sun.reflect.NativeMethodAccessorImpl.invoke(Unknown Source)
at sun.reflect.DelegatingMethodAccessorImpl.invoke(Unknown Source)
at java.lang.reflect.Method.invoke(Unknown Source)
at org.testng.internal.MethodInvocationHelper.invokeMethod(MethodInvocationHelper.java:124)
at org.testng.internal.Invoker.invokeMethod(Invoker.java:583)
at org.testng.internal.Invoker.invokeTestMethod(Invoker.java:719)
at org.testng.internal.Invoker.invokeTestMethods(Invoker.java:989)
at org.testng.internal.TestMethodWorker.invokeTestMethods(TestMethodWorker.java:125)
at org.testng.internal.TestMethodWorker.run(TestMethodWorker.java:109)
at org.testng.TestRunner.privateRun(TestRunner.java:648)
at org.testng.TestRunner.run(TestRunner.java:505)
at org.testng.SuiteRunner.runTest(SuiteRunner.java:455)
at org.testng.SuiteRunner.runSequentially(SuiteRunner.java:450)
at org.testng.SuiteRunner.privateRun(SuiteRunner.java:415)
at org.testng.SuiteRunner.run(SuiteRunner.java:364)
at org.testng.SuiteRunnerWorker.runSuite(SuiteRunnerWorker.java:52)
at org.testng.SuiteRunnerWorker.run(SuiteRunnerWorker.java:84)
at org.testng.TestNG.runSuitesSequentially(TestNG.java:1208)
at org.testng.TestNG.runSuitesLocally(TestNG.java:1137)
at org.testng.TestNG.runSuites(TestNG.java:1049)
at org.testng.TestNG.run(TestNG.java:1017)
at org.testng.remote.AbstractRemoteTestNG.run(AbstractRemoteTestNG.java:114)
at org.testng.remote.RemoteTestNG.initAndRun(RemoteTestNG.java:251)
at org.testng.remote.RemoteTestNG.main(RemoteTestNG.java:77)
]]>
            </full-stacktrace>
          </exception> <!-- org.openqa.selenium.WebDriverException -->
          <reporter-output>
          </reporter-output>
        </test-method> <!-- clickWhatWeDoTest -->
        <test-method status="PASS" signature="clickOurMissionTest()[pri:6, instance:com.cambridge.qa.testcases.AboutPageTest@39c0f4a]" name="clickOurMissionTest" duration-ms="82" started-at="2019-06-16T19:38:55Z" finished-at="2019-06-16T19:38:55Z">
          <reporter-output>
          </reporter-output>
        </test-method> <!-- clickOurMissionTest -->
        <test-method status="PASS" signature="clickOurVisionTest()[pri:7, instance:com.cambridge.qa.testcases.AboutPageTest@39c0f4a]" name="clickOurVisionTest" duration-ms="82" started-at="2019-06-16T19:38:55Z" finished-at="2019-06-16T19:38:55Z">
          <reporter-output>
          </reporter-output>
        </test-method> <!-- clickOurVisionTest -->
        <test-method status="PASS" signature="tearDown()[pri:0, instance:com.cambridge.qa.testcases.AboutPageTest@39c0f4a]" name="tearDown" is-config="true" duration-ms="734" started-at="2019-06-16T19:38:55Z" finished-at="2019-06-16T19:38:55Z">
          <reporter-output>
          </reporter-output>
        </test-method> <!-- tearDown -->
      </class> <!-- com.cambridge.qa.testcases.AboutPageTest -->
    </test> <!-- Default test -->
  </suite> <!-- Default suite -->
</testng-results>
