<?xml version="1.0" encoding="UTF-8"?>
<!-- Generated by org.testng.reporters.JUnitXMLReporter -->
<testsuite hostname="DESKTOP-4NIBLR9" ignored="0" name="Cambridge Consulting Test" tests="2" failures="0" timestamp="15 Jun 2019 23:59:40 GMT" time="21.624" errors="0">
  <testcase name="clickAboutUsTest" time="2.711" classname="com.cambridge.qa.testcases.AboutPageTest"/>
  <testcase name="verifySeleniumPageTitleTest" time="0.017" classname="com.cambridge.qa.testcases.SeleniumWithPythonPageTest"/>
</testsuite> <!-- Cambridge Consulting Test -->
