<?xml version="1.0" encoding="UTF-8"?>
<!-- Generated by org.testng.reporters.JUnitXMLReporter -->
<testsuite hostname="DESKTOP-4NIBLR9" ignored="0" name="CambridgeConsultingTest" tests="3" failures="0" timestamp="15 Jun 2019 22:08:01 GMT" time="30.273" errors="0">
  <testcase name="clickAboutUsTest" time="2.286" classname="com.cambridge.qa.testcases.AboutPageTest"/>
  <testcase name="verifySeleniumPageTitleTest" time="0.01" classname="com.cambridge.qa.testcases.SeleniumWithPythonPageTest"/>
  <testcase name="clickCollegeCounselingTest" time="1.533" classname="com.cambridge.qa.testcases.ServicesTestPage"/>
</testsuite> <!-- CambridgeConsultingTest -->
